<?xml version="1.0" encoding="UTF-8"?>
<!-- Generated by org.testng.reporters.JUnitReportReporter -->
<testsuite hostname="LAPTOP-9NM2HTVU" failures="0" tests="3" name="DemoBlaze.DemoBlaze.AddCart2Product" time="19.996" errors="0" timestamp="2023-05-07T17:40:05 IST" skipped="0">
  <testcase classname="DemoBlaze.DemoBlaze.AddCart2Product" name="d_quit" time="6.102"/>
  <system-out/>
  <testcase classname="DemoBlaze.DemoBlaze.AddCart2Product" name="b_cart" time="8.278"/>
  <system-out/>
  <testcase classname="DemoBlaze.DemoBlaze.AddCart2Product" name="a_start" time="5.616"/>
  <system-out/>
</testsuite> <!-- DemoBlaze.DemoBlaze.AddCart2Product -->
