<?xml version="1.0" encoding="UTF-8"?>
<!-- Generated by org.testng.reporters.JUnitReportReporter -->
<testsuite hostname="LAPTOP-9NM2HTVU" failures="0" tests="3" name="DemoBlaze.DemoBlaze.Sign_Up_flow" time="15.853" errors="0" timestamp="2023-05-07T16:34:51 IST" skipped="0">
  <testcase classname="DemoBlaze.DemoBlaze.Sign_Up_flow" name="a_start" time="7.338"/>
  <system-out/>
  <testcase classname="DemoBlaze.DemoBlaze.Sign_Up_flow" name="c_quit" time="3.176"/>
  <system-out/>
  <testcase classname="DemoBlaze.DemoBlaze.Sign_Up_flow" name="b_registeration" time="5.339"/>
  <system-out/>
</testsuite> <!-- DemoBlaze.DemoBlaze.Sign_Up_flow -->
